Build started 8/18/2016 1:30:39 PM.
     1>Project "C:\Users\tester\Documents\GitHub\HotLoad-LoadDriver\NtLoadDriver-C++\NtLoadDriver-C++\NtLoadDriver-C++.vcxproj" on node 2 (Build target(s)).
     1>ClCompile:
         C:\Program Files (x86)\Microsoft Visual Studio 14.0\VC\bin\CL.exe /c /ZI /nologo /W3 /WX- /sdl /Od /Oy- /D WIN32 /D _DEBUG /D _CONSOLE /D _UNICODE /D UNICODE /Gm /EHsc /RTC1 /MDd /GS /fp:precise /Zc:wchar_t /Zc:forScope /Zc:inline /Yu"stdafx.h" /Fp"Debug\NtLoadDriver-C++.pch" /Fo"Debug\\" /Fd"Debug\vc140.pdb" /Gd /TP /analyze- /errorReport:prompt "NtLoadDriver-C++.cpp" ntloaddriver.cpp
         ntloaddriver.cpp
     1>c:\program files (x86)\windows kits\8.1\include\shared\ntdef.h(139): warning C4005: 'MAX_NATURAL_ALIGNMENT': macro redefinition
         c:\program files (x86)\windows kits\8.1\include\um\winnt.h(118): note: see previous definition of 'MAX_NATURAL_ALIGNMENT'
     1>c:\program files (x86)\windows kits\8.1\include\shared\ntdef.h(163): warning C4005: 'PROBE_ALIGNMENT': macro redefinition
         c:\program files (x86)\windows kits\8.1\include\um\winnt.h(142): note: see previous definition of 'PROBE_ALIGNMENT'
     1>c:\program files (x86)\windows kits\8.1\include\shared\ntdef.h(687): error C2011: '_PROCESSOR_NUMBER': 'struct' type redefinition
         c:\program files (x86)\windows kits\8.1\include\um\winnt.h(549): note: see declaration of '_PROCESSOR_NUMBER'
     1>c:\program files (x86)\windows kits\8.1\include\shared\ntdef.h(698): error C2011: '_GROUP_AFFINITY': 'struct' type redefinition
         c:\program files (x86)\windows kits\8.1\include\um\winnt.h(560): note: see declaration of '_GROUP_AFFINITY'
     1>c:\program files (x86)\windows kits\8.1\include\shared\ntdef.h(992): error C2011: '_FLOAT128': 'struct' type redefinition
         c:\program files (x86)\windows kits\8.1\include\um\winnt.h(710): note: see declaration of '_FLOAT128'
     1>c:\program files (x86)\windows kits\8.1\include\shared\ntdef.h(1043): error C2011: '_LARGE_INTEGER': 'union' type redefinition
         c:\program files (x86)\windows kits\8.1\include\um\winnt.h(757): note: see declaration of '_LARGE_INTEGER'
     1>c:\program files (x86)\windows kits\8.1\include\shared\ntdef.h(1061): error C2011: '_ULARGE_INTEGER': 'union' type redefinition
         c:\program files (x86)\windows kits\8.1\include\um\winnt.h(775): note: see declaration of '_ULARGE_INTEGER'
     1>c:\program files (x86)\windows kits\8.1\include\shared\ntdef.h(1090): error C2011: '_LUID': 'struct' type redefinition
         c:\program files (x86)\windows kits\8.1\include\um\winnt.h(804): note: see declaration of '_LUID'
     1>c:\program files (x86)\windows kits\8.1\include\shared\ntdef.h(1191): error C2084: function 'ULONGLONG Int64ShllMod32(ULONGLONG,DWORD)' already has a body
         c:\program files (x86)\windows kits\8.1\include\um\winnt.h(884): note: see previous definition of 'Int64ShllMod32'
     1>c:\program files (x86)\windows kits\8.1\include\shared\ntdef.h(1207): error C2084: function 'LONGLONG Int64ShraMod32(LONGLONG,DWORD)' already has a body
         c:\program files (x86)\windows kits\8.1\include\um\winnt.h(900): note: see previous definition of 'Int64ShraMod32'
     1>c:\program files (x86)\windows kits\8.1\include\shared\ntdef.h(1223): error C2084: function 'ULONGLONG Int64ShrlMod32(ULONGLONG,DWORD)' already has a body
         c:\program files (x86)\windows kits\8.1\include\um\winnt.h(916): note: see previous definition of 'Int64ShrlMod32'
     1>c:\program files (x86)\windows kits\8.1\include\shared\ntdef.h(1446): warning C4005: 'UNICODE_STRING_MAX_BYTES': macro redefinition
         c:\program files (x86)\windows kits\8.1\include\um\winnt.h(1040): note: see previous definition of 'UNICODE_STRING_MAX_BYTES'
     1>c:\program files (x86)\windows kits\8.1\include\shared\ntdef.h(1490): error C2011: '_LIST_ENTRY': 'struct' type redefinition
         c:\program files (x86)\windows kits\8.1\include\um\winnt.h(1049): note: see declaration of '_LIST_ENTRY'
     1>c:\program files (x86)\windows kits\8.1\include\shared\ntdef.h(1500): error C2011: '_SINGLE_LIST_ENTRY': 'struct' type redefinition
         c:\program files (x86)\windows kits\8.1\include\um\winnt.h(17493): note: see declaration of '_SINGLE_LIST_ENTRY'
     1>c:\program files (x86)\windows kits\8.1\include\shared\ntdef.h(1545): error C2011: 'LIST_ENTRY32': 'struct' type redefinition
         c:\program files (x86)\windows kits\8.1\include\um\winnt.h(1070): note: see declaration of 'LIST_ENTRY32'
     1>c:\program files (x86)\windows kits\8.1\include\shared\ntdef.h(1551): error C2011: 'LIST_ENTRY64': 'struct' type redefinition
         c:\program files (x86)\windows kits\8.1\include\um\winnt.h(1076): note: see declaration of 'LIST_ENTRY64'
     1>c:\program files (x86)\windows kits\8.1\include\shared\ntdef.h(1571): error C2027: use of undefined type 'LIST_ENTRY64'
         c:\program files (x86)\windows kits\8.1\include\um\winnt.h(1076): note: see declaration of 'LIST_ENTRY64'
     1>c:\program files (x86)\windows kits\8.1\include\shared\ntdef.h(1571): error C2227: left of '->Flink' must point to class/struct/union/generic type
     1>c:\program files (x86)\windows kits\8.1\include\shared\ntdef.h(1571): error C2027: use of undefined type 'LIST_ENTRY32'
         c:\program files (x86)\windows kits\8.1\include\um\winnt.h(1070): note: see declaration of 'LIST_ENTRY32'
     1>c:\program files (x86)\windows kits\8.1\include\shared\ntdef.h(1572): error C2027: use of undefined type 'LIST_ENTRY64'
         c:\program files (x86)\windows kits\8.1\include\um\winnt.h(1076): note: see declaration of 'LIST_ENTRY64'
     1>c:\program files (x86)\windows kits\8.1\include\shared\ntdef.h(1572): error C2227: left of '->Blink' must point to class/struct/union/generic type
     1>c:\program files (x86)\windows kits\8.1\include\shared\ntdef.h(1572): error C2027: use of undefined type 'LIST_ENTRY32'
         c:\program files (x86)\windows kits\8.1\include\um\winnt.h(1070): note: see declaration of 'LIST_ENTRY32'
     1>c:\program files (x86)\windows kits\8.1\include\shared\ntdef.h(1582): error C2027: use of undefined type 'LIST_ENTRY32'
         c:\program files (x86)\windows kits\8.1\include\um\winnt.h(1070): note: see declaration of 'LIST_ENTRY32'
     1>c:\program files (x86)\windows kits\8.1\include\shared\ntdef.h(1582): error C2227: left of '->Flink' must point to class/struct/union/generic type
     1>c:\program files (x86)\windows kits\8.1\include\shared\ntdef.h(1582): error C2027: use of undefined type 'LIST_ENTRY64'
         c:\program files (x86)\windows kits\8.1\include\um\winnt.h(1076): note: see declaration of 'LIST_ENTRY64'
     1>c:\program files (x86)\windows kits\8.1\include\shared\ntdef.h(1583): error C2027: use of undefined type 'LIST_ENTRY32'
         c:\program files (x86)\windows kits\8.1\include\um\winnt.h(1070): note: see declaration of 'LIST_ENTRY32'
     1>c:\program files (x86)\windows kits\8.1\include\shared\ntdef.h(1583): error C2227: left of '->Blink' must point to class/struct/union/generic type
     1>c:\program files (x86)\windows kits\8.1\include\shared\ntdef.h(1583): error C2027: use of undefined type 'LIST_ENTRY64'
         c:\program files (x86)\windows kits\8.1\include\um\winnt.h(1076): note: see declaration of 'LIST_ENTRY64'
     1>c:\program files (x86)\windows kits\8.1\include\shared\ntdef.h(2732): warning C4005: 'MAKELANGID': macro redefinition
         c:\program files (x86)\windows kits\8.1\include\um\winnt.h(1962): note: see previous definition of 'MAKELANGID'
     1>c:\program files (x86)\windows kits\8.1\include\shared\ntdef.h(2733): warning C4005: 'PRIMARYLANGID': macro redefinition
         c:\program files (x86)\windows kits\8.1\include\um\winnt.h(1963): note: see previous definition of 'PRIMARYLANGID'
     1>c:\program files (x86)\windows kits\8.1\include\shared\ntdef.h(2734): warning C4005: 'SUBLANGID': macro redefinition
         c:\program files (x86)\windows kits\8.1\include\um\winnt.h(1964): note: see previous definition of 'SUBLANGID'
     1>c:\program files (x86)\windows kits\8.1\include\shared\ntdef.h(2767): warning C4005: 'MAKELCID': macro redefinition
         c:\program files (x86)\windows kits\8.1\include\um\winnt.h(1997): note: see previous definition of 'MAKELCID'
     1>c:\program files (x86)\windows kits\8.1\include\shared\ntdef.h(2770): warning C4005: 'MAKESORTLCID': macro redefinition
         c:\program files (x86)\windows kits\8.1\include\um\winnt.h(2000): note: see previous definition of 'MAKESORTLCID'
     1>c:\program files (x86)\windows kits\8.1\include\shared\ntdef.h(2771): warning C4005: 'LANGIDFROMLCID': macro redefinition
         c:\program files (x86)\windows kits\8.1\include\um\winnt.h(2001): note: see previous definition of 'LANGIDFROMLCID'
     1>c:\program files (x86)\windows kits\8.1\include\shared\ntdef.h(2772): warning C4005: 'SORTIDFROMLCID': macro redefinition
         c:\program files (x86)\windows kits\8.1\include\um\winnt.h(2002): note: see previous definition of 'SORTIDFROMLCID'
     1>c:\program files (x86)\windows kits\8.1\include\shared\ntdef.h(2773): warning C4005: 'SORTVERSIONFROMLCID': macro redefinition
         c:\program files (x86)\windows kits\8.1\include\um\winnt.h(2003): note: see previous definition of 'SORTVERSIONFROMLCID'
     1>c:\program files (x86)\windows kits\8.1\include\shared\ntdef.h(2928): error C2766: explicit specialization; '_ENUM_FLAG_INTEGER_FOR_SIZE<1>' has already been defined
         c:\program files (x86)\windows kits\8.1\include\um\winnt.h(2156): note: see previous definition of '_ENUM_FLAG_INTEGER_FOR_SIZE<1>'
     1>c:\program files (x86)\windows kits\8.1\include\shared\ntdef.h(2934): error C2766: explicit specialization; '_ENUM_FLAG_INTEGER_FOR_SIZE<2>' has already been defined
         c:\program files (x86)\windows kits\8.1\include\um\winnt.h(2162): note: see previous definition of '_ENUM_FLAG_INTEGER_FOR_SIZE<2>'
     1>c:\program files (x86)\windows kits\8.1\include\shared\ntdef.h(2940): error C2766: explicit specialization; '_ENUM_FLAG_INTEGER_FOR_SIZE<4>' has already been defined
         c:\program files (x86)\windows kits\8.1\include\um\winnt.h(2168): note: see previous definition of '_ENUM_FLAG_INTEGER_FOR_SIZE<4>'
     1>c:\program files (x86)\windows kits\8.1\include\shared\ntdef.h(2947): error C2953: '_ENUM_FLAG_SIZED_INTEGER': class template has already been defined
         c:\program files (x86)\windows kits\8.1\include\shared\ntdef.h(2944): note: see declaration of '_ENUM_FLAG_SIZED_INTEGER'
     1>c:\program files (x86)\windows kits\8.1\include\um\winternl.h(55): error C2011: '_STRING': 'struct' type redefinition
         c:\program files (x86)\windows kits\8.1\include\shared\ntdef.h(1389): note: see declaration of '_STRING'
     1>c:\program files (x86)\windows kits\8.1\include\um\winternl.h(70): error C2011: '_UNICODE_STRING': 'struct' type redefinition
         c:\program files (x86)\windows kits\8.1\include\shared\ntdef.h(1429): note: see declaration of '_UNICODE_STRING'
     1>c:\program files (x86)\windows kits\8.1\include\um\winternl.h(136): error C2079: '_PEB_LDR_DATA::InMemoryOrderModuleList' uses undefined struct '_LIST_ENTRY'
     1>c:\program files (x86)\windows kits\8.1\include\um\winternl.h(141): error C2079: '_LDR_DATA_TABLE_ENTRY::InMemoryOrderLinks' uses undefined struct '_LIST_ENTRY'
     1>c:\program files (x86)\windows kits\8.1\include\um\winternl.h(145): error C2079: '_LDR_DATA_TABLE_ENTRY::FullDllName' uses undefined struct '_UNICODE_STRING'
     1>c:\program files (x86)\windows kits\8.1\include\um\winternl.h(158): error C2079: '_RTL_USER_PROCESS_PARAMETERS::ImagePathName' uses undefined struct '_UNICODE_STRING'
     1>c:\program files (x86)\windows kits\8.1\include\um\winternl.h(159): error C2079: '_RTL_USER_PROCESS_PARAMETERS::CommandLine' uses undefined struct '_UNICODE_STRING'
     1>c:\program files (x86)\windows kits\8.1\include\um\winternl.h(203): error C2011: '_OBJECT_ATTRIBUTES': 'struct' type redefinition
         c:\program files (x86)\windows kits\8.1\include\shared\ntdef.h(1658): note: see declaration of '_OBJECT_ATTRIBUTES'
     1>c:\program files (x86)\windows kits\8.1\include\um\winternl.h(240): error C2079: '_SYSTEM_PROCESSOR_PERFORMANCE_INFORMATION::IdleTime' uses undefined union '_LARGE_INTEGER'
     1>c:\program files (x86)\windows kits\8.1\include\um\winternl.h(241): error C2079: '_SYSTEM_PROCESSOR_PERFORMANCE_INFORMATION::KernelTime' uses undefined union '_LARGE_INTEGER'
     1>c:\program files (x86)\windows kits\8.1\include\um\winternl.h(242): error C2079: '_SYSTEM_PROCESSOR_PERFORMANCE_INFORMATION::UserTime' uses undefined union '_LARGE_INTEGER'
     1>c:\program files (x86)\windows kits\8.1\include\um\winternl.h(352): error C2079: '__PUBLIC_OBJECT_TYPE_INFORMATION::TypeName' uses undefined struct '_UNICODE_STRING'
     1>c:\program files (x86)\windows kits\8.1\include\um\lsalookup.h(67): error C2079: '_LSA_TRUST_INFORMATION::Name' uses undefined struct '_UNICODE_STRING'
     1>c:\program files (x86)\windows kits\8.1\include\um\lsalookup.h(140): error C2079: '_LSA_TRANSLATED_NAME::Name' uses undefined struct '_UNICODE_STRING'
     1>c:\program files (x86)\windows kits\8.1\include\um\lsalookup.h(169): error C2079: '_POLICY_ACCOUNT_DOMAIN_INFO::DomainName' uses undefined struct '_UNICODE_STRING'
     1>c:\program files (x86)\windows kits\8.1\include\um\lsalookup.h(188): error C2079: '_POLICY_DNS_DOMAIN_INFO::Name' uses undefined struct '_UNICODE_STRING'
     1>c:\program files (x86)\windows kits\8.1\include\um\lsalookup.h(189): error C2079: '_POLICY_DNS_DOMAIN_INFO::DnsDomainName' uses undefined struct '_UNICODE_STRING'
     1>c:\program files (x86)\windows kits\8.1\include\um\lsalookup.h(190): error C2079: '_POLICY_DNS_DOMAIN_INFO::DnsForestName' uses undefined struct '_UNICODE_STRING'
     1>c:\program files (x86)\windows kits\8.1\include\um\ntsecapi.h(1860): error C2079: '_POLICY_AUDIT_LOG_INFO::AuditRetentionPeriod' uses undefined union '_LARGE_INTEGER'
     1>c:\program files (x86)\windows kits\8.1\include\um\ntsecapi.h(1862): error C2079: '_POLICY_AUDIT_LOG_INFO::TimeToShutdown' uses undefined union '_LARGE_INTEGER'
     1>c:\program files (x86)\windows kits\8.1\include\um\ntsecapi.h(1991): error C2079: '_POLICY_PRIMARY_DOMAIN_INFO::Name' uses undefined struct '_UNICODE_STRING'
     1>c:\program files (x86)\windows kits\8.1\include\um\ntsecapi.h(2012): error C2079: '_POLICY_PD_ACCOUNT_INFO::Name' uses undefined struct '_UNICODE_STRING'
     1>c:\program files (x86)\windows kits\8.1\include\um\ntsecapi.h(2047): error C2079: '_POLICY_REPLICA_SOURCE_INFO::ReplicaSource' uses undefined struct '_UNICODE_STRING'
     1>c:\program files (x86)\windows kits\8.1\include\um\ntsecapi.h(2048): error C2079: '_POLICY_REPLICA_SOURCE_INFO::ReplicaAccountName' uses undefined struct '_UNICODE_STRING'
     1>c:\program files (x86)\windows kits\8.1\include\um\ntsecapi.h(2072): error C2079: '_POLICY_MODIFICATION_INFO::ModifiedId' uses undefined union '_LARGE_INTEGER'
     1>c:\program files (x86)\windows kits\8.1\include\um\ntsecapi.h(2073): error C2079: '_POLICY_MODIFICATION_INFO::DatabaseCreationTime' uses undefined union '_LARGE_INTEGER'
     1>c:\program files (x86)\windows kits\8.1\include\um\ntsecapi.h(2190): error C2079: '_POLICY_DOMAIN_KERBEROS_TICKET_INFO::MaxServiceTicketAge' uses undefined union '_LARGE_INTEGER'
     1>c:\program files (x86)\windows kits\8.1\include\um\ntsecapi.h(2191): error C2079: '_POLICY_DOMAIN_KERBEROS_TICKET_INFO::MaxTicketAge' uses undefined union '_LARGE_INTEGER'
     1>c:\program files (x86)\windows kits\8.1\include\um\ntsecapi.h(2192): error C2079: '_POLICY_DOMAIN_KERBEROS_TICKET_INFO::MaxRenewAge' uses undefined union '_LARGE_INTEGER'
     1>c:\program files (x86)\windows kits\8.1\include\um\ntsecapi.h(2193): error C2079: '_POLICY_DOMAIN_KERBEROS_TICKET_INFO::MaxClockSkew' uses undefined union '_LARGE_INTEGER'
     1>c:\program files (x86)\windows kits\8.1\include\um\ntsecapi.h(2194): error C2079: '_POLICY_DOMAIN_KERBEROS_TICKET_INFO::Reserved' uses undefined union '_LARGE_INTEGER'
     1>c:\program files (x86)\windows kits\8.1\include\um\ntsecapi.h(2275): error C2079: '_TRUSTED_DOMAIN_NAME_INFO::Name' uses undefined struct '_UNICODE_STRING'
     1>c:\program files (x86)\windows kits\8.1\include\um\ntsecapi.h(2337): error C2079: '_TRUSTED_PASSWORD_INFO::Password' uses undefined struct '_UNICODE_STRING'
     1>c:\program files (x86)\windows kits\8.1\include\um\ntsecapi.h(2338): error C2079: '_TRUSTED_PASSWORD_INFO::OldPassword' uses undefined struct '_UNICODE_STRING'
     1>c:\program files (x86)\windows kits\8.1\include\um\ntsecapi.h(2410): error C2079: '_TRUSTED_DOMAIN_INFORMATION_EX::Name' uses undefined struct '_UNICODE_STRING'
     1>c:\program files (x86)\windows kits\8.1\include\um\ntsecapi.h(2411): error C2079: '_TRUSTED_DOMAIN_INFORMATION_EX::FlatName' uses undefined struct '_UNICODE_STRING'
     1>c:\program files (x86)\windows kits\8.1\include\um\ntsecapi.h(2421): error C2079: '_TRUSTED_DOMAIN_INFORMATION_EX2::Name' uses undefined struct '_UNICODE_STRING'
     1>c:\program files (x86)\windows kits\8.1\include\um\ntsecapi.h(2422): error C2079: '_TRUSTED_DOMAIN_INFORMATION_EX2::FlatName' uses undefined struct '_UNICODE_STRING'
     1>c:\program files (x86)\windows kits\8.1\include\um\ntsecapi.h(2445): error C2079: '_LSA_AUTH_INFORMATION::LastUpdateTime' uses undefined union '_LARGE_INTEGER'
     1>c:\program files (x86)\windows kits\8.1\include\um\ntsecapi.h(2527): error C2079: '_LSA_FOREST_TRUST_DOMAIN_INFO::DnsName' uses undefined struct '_UNICODE_STRING'
     1>c:\program files (x86)\windows kits\8.1\include\um\ntsecapi.h(2528): error C2079: '_LSA_FOREST_TRUST_DOMAIN_INFO::NetbiosName' uses undefined struct '_UNICODE_STRING'
     1>c:\program files (x86)\windows kits\8.1\include\um\ntsecapi.h(2558): error C2079: '_LSA_FOREST_TRUST_RECORD::Time' uses undefined union '_LARGE_INTEGER'
     1>c:\program files (x86)\windows kits\8.1\include\um\ntsecapi.h(2572): error C2079: '_LSA_FOREST_TRUST_RECORD::TopLevelName' uses undefined struct '_UNICODE_STRING'
     1>c:\program files (x86)\windows kits\8.1\include\um\ntsecapi.h(2614): error C2079: '_LSA_FOREST_TRUST_COLLISION_RECORD::Name' uses undefined struct '_UNICODE_STRING'
     1>c:\program files (x86)\windows kits\8.1\include\um\ntsecapi.h(2669): error C2079: '_LSA_LAST_INTER_LOGON_INFO::LastSuccessfulLogon' uses undefined union '_LARGE_INTEGER'
     1>c:\program files (x86)\windows kits\8.1\include\um\ntsecapi.h(2670): error C2079: '_LSA_LAST_INTER_LOGON_INFO::LastFailedLogon' uses undefined union '_LARGE_INTEGER'
     1>c:\program files (x86)\windows kits\8.1\include\um\ntsecapi.h(2679): error C2079: '_SECURITY_LOGON_SESSION_DATA::LogonId' uses undefined struct '_LUID'
     1>c:\program files (x86)\windows kits\8.1\include\um\ntsecapi.h(2680): error C2079: '_SECURITY_LOGON_SESSION_DATA::UserName' uses undefined struct '_UNICODE_STRING'
     1>c:\program files (x86)\windows kits\8.1\include\um\ntsecapi.h(2681): error C2079: '_SECURITY_LOGON_SESSION_DATA::LogonDomain' uses undefined struct '_UNICODE_STRING'
     1>c:\program files (x86)\windows kits\8.1\include\um\ntsecapi.h(2682): error C2079: '_SECURITY_LOGON_SESSION_DATA::AuthenticationPackage' uses undefined struct '_UNICODE_STRING'
     1>c:\program files (x86)\windows kits\8.1\include\um\ntsecapi.h(2686): error C2079: '_SECURITY_LOGON_SESSION_DATA::LogonTime' uses undefined union '_LARGE_INTEGER'
     1>c:\program files (x86)\windows kits\8.1\include\um\ntsecapi.h(2692): error C2079: '_SECURITY_LOGON_SESSION_DATA::LogonServer' uses undefined struct '_UNICODE_STRING'
     1>c:\program files (x86)\windows kits\8.1\include\um\ntsecapi.h(2693): error C2079: '_SECURITY_LOGON_SESSION_DATA::DnsDomainName' uses undefined struct '_UNICODE_STRING'
     1>c:\program files (x86)\windows kits\8.1\include\um\ntsecapi.h(2694): error C2079: '_SECURITY_LOGON_SESSION_DATA::Upn' uses undefined struct '_UNICODE_STRING'
     1>c:\program files (x86)\windows kits\8.1\include\um\ntsecapi.h(2705): error C2079: '_SECURITY_LOGON_SESSION_DATA::LogonScript' uses undefined struct '_UNICODE_STRING'
     1>c:\program files (x86)\windows kits\8.1\include\um\ntsecapi.h(2706): error C2079: '_SECURITY_LOGON_SESSION_DATA::ProfilePath' uses undefined struct '_UNICODE_STRING'
     1>c:\program files (x86)\windows kits\8.1\include\um\ntsecapi.h(2707): error C2079: '_SECURITY_LOGON_SESSION_DATA::HomeDirectory' uses undefined struct '_UNICODE_STRING'
     1>c:\program files (x86)\windows kits\8.1\include\um\ntsecapi.h(2708): error C2079: '_SECURITY_LOGON_SESSION_DATA::HomeDirectoryDrive' uses undefined struct '_UNICODE_STRING'
     1>c:\program files (x86)\windows kits\8.1\include\um\ntsecapi.h(2710): error C2079: '_SECURITY_LOGON_SESSION_DATA::LogoffTime' uses undefined union '_LARGE_INTEGER'
     1>c:\program files (x86)\windows kits\8.1\include\um\ntsecapi.h(2711): error C2079: '_SECURITY_LOGON_SESSION_DATA::KickOffTime' uses undefined union '_LARGE_INTEGER'
     1>c:\program files (x86)\windows kits\8.1\include\um\ntsecapi.h(2712): error C2079: '_SECURITY_LOGON_SESSION_DATA::PasswordLastSet' uses undefined union '_LARGE_INTEGER'
     1>c:\program files (x86)\windows kits\8.1\include\um\ntsecapi.h(2713): error C2079: '_SECURITY_LOGON_SESSION_DATA::PasswordCanChange' uses undefined union '_LARGE_INTEGER'
     1>c:\program files (x86)\windows kits\8.1\include\um\ntsecapi.h(2714): error C2079: '_SECURITY_LOGON_SESSION_DATA::PasswordMustChange' uses undefined union '_LARGE_INTEGER'
     1>c:\program files (x86)\windows kits\8.1\include\um\ntsecapi.h(2807): error C2079: '_CENTRAL_ACCESS_POLICY_ENTRY::Name' uses undefined struct '_UNICODE_STRING'
     1>c:\program files (x86)\windows kits\8.1\include\um\ntsecapi.h(2808): error C2079: '_CENTRAL_ACCESS_POLICY_ENTRY::Description' uses undefined struct '_UNICODE_STRING'
     1>c:\program files (x86)\windows kits\8.1\include\um\ntsecapi.h(2809): error C2079: '_CENTRAL_ACCESS_POLICY_ENTRY::ChangeId' uses undefined struct '_UNICODE_STRING'
     1>c:\program files (x86)\windows kits\8.1\include\um\ntsecapi.h(2839): error C2079: '_CENTRAL_ACCESS_POLICY::Name' uses undefined struct '_UNICODE_STRING'
     1>c:\program files (x86)\windows kits\8.1\include\um\ntsecapi.h(2840): error C2079: '_CENTRAL_ACCESS_POLICY::Description' uses undefined struct '_UNICODE_STRING'
     1>c:\program files (x86)\windows kits\8.1\include\um\ntsecapi.h(2841): error C2079: '_CENTRAL_ACCESS_POLICY::ChangeId' uses undefined struct '_UNICODE_STRING'
     1>c:\program files (x86)\windows kits\8.1\include\um\ntsecapi.h(3227): error C2079: '_NEGOTIATE_CALLER_NAME_REQUEST::LogonId' uses undefined struct '_LUID'
     1>c:\program files (x86)\windows kits\8.1\include\um\ntsecapi.h(3250): error C2079: '_DOMAIN_PASSWORD_INFORMATION::MaxPasswordAge' uses undefined union '_LARGE_INTEGER'
     1>c:\program files (x86)\windows kits\8.1\include\um\ntsecapi.h(3251): error C2079: '_DOMAIN_PASSWORD_INFORMATION::MinPasswordAge' uses undefined union '_LARGE_INTEGER'
     1>c:\program files (x86)\windows kits\8.1\include\um\ntsecapi.h(3251): fatal error C1003: error count exceeds 100; stopping compilation
         NtLoadDriver-C++.cpp
     1>c:\users\tester\documents\github\hotload-loaddriver\ntloaddriver-c++\ntloaddriver-c++\ntloaddriver-c++.cpp(31): warning C4800: 'DWORD': forcing value to bool 'true' or 'false' (performance warning)
     1>c:\users\tester\documents\github\hotload-loaddriver\ntloaddriver-c++\ntloaddriver-c++\ntloaddriver-c++.cpp(35): warning C4800: 'DWORD': forcing value to bool 'true' or 'false' (performance warning)
     1>c:\users\tester\documents\github\hotload-loaddriver\ntloaddriver-c++\ntloaddriver-c++\ntloaddriver-c++.cpp(41): warning C4800: 'DWORD': forcing value to bool 'true' or 'false' (performance warning)
         Generating Code...
     1>Done Building Project "C:\Users\tester\Documents\GitHub\HotLoad-LoadDriver\NtLoadDriver-C++\NtLoadDriver-C++\NtLoadDriver-C++.vcxproj" (Build target(s)) -- FAILED.

Build FAILED.

Time Elapsed 00:00:01.32
