c:\users\tester\documents\visual studio 2015\projects\ntloaddriver-c++\ntloaddriver-c++\debug\ntloaddriver-c++.pch
c:\users\tester\documents\visual studio 2015\projects\ntloaddriver-c++\ntloaddriver-c++\debug\vc140.pdb
c:\users\tester\documents\visual studio 2015\projects\ntloaddriver-c++\ntloaddriver-c++\debug\vc140.idb
c:\users\tester\documents\visual studio 2015\projects\ntloaddriver-c++\ntloaddriver-c++\debug\stdafx.obj
c:\users\tester\documents\visual studio 2015\projects\ntloaddriver-c++\ntloaddriver-c++\debug\ntloaddriver-c++.obj
c:\users\tester\documents\github\hotload-loaddriver\ntloaddriver-c++\ntloaddriver-c++\debug\ntloaddriver-c++.pch
c:\users\tester\documents\github\hotload-loaddriver\ntloaddriver-c++\ntloaddriver-c++\debug\vc140.pdb
c:\users\tester\documents\github\hotload-loaddriver\ntloaddriver-c++\ntloaddriver-c++\debug\vc140.idb
c:\users\tester\documents\github\hotload-loaddriver\ntloaddriver-c++\ntloaddriver-c++\debug\stdafx.obj
c:\users\tester\documents\visual studio 2015\projects\ntloaddriver-c++\debug\ntloaddriver-c++.ilk
c:\users\tester\documents\visual studio 2015\projects\ntloaddriver-c++\debug\ntloaddriver-c++.exe
c:\users\tester\documents\visual studio 2015\projects\ntloaddriver-c++\debug\ntloaddriver-c++.pdb
c:\users\tester\documents\github\hotload-loaddriver\ntloaddriver-c++\debug\ntloaddriver-c++.pdb
c:\users\tester\documents\github\hotload-loaddriver\ntloaddriver-c++\debug\ntloaddriver-c++.exe
c:\users\tester\documents\github\hotload-loaddriver\ntloaddriver-c++\debug\ntloaddriver-c++.ilk
c:\users\tester\documents\github\hotload-loaddriver\ntloaddriver-c++\ntloaddriver-c++\debug\ntloaddriver-c++.tlog\cl.command.1.tlog
c:\users\tester\documents\github\hotload-loaddriver\ntloaddriver-c++\ntloaddriver-c++\debug\ntloaddriver-c++.tlog\cl.read.1.tlog
c:\users\tester\documents\github\hotload-loaddriver\ntloaddriver-c++\ntloaddriver-c++\debug\ntloaddriver-c++.tlog\cl.write.1.tlog
c:\users\tester\documents\github\hotload-loaddriver\ntloaddriver-c++\ntloaddriver-c++\debug\ntloaddriver-c++.tlog\link.command.1.tlog
c:\users\tester\documents\github\hotload-loaddriver\ntloaddriver-c++\ntloaddriver-c++\debug\ntloaddriver-c++.tlog\link.read.1.tlog
c:\users\tester\documents\github\hotload-loaddriver\ntloaddriver-c++\ntloaddriver-c++\debug\ntloaddriver-c++.tlog\link.write.1.tlog
